19:12:21.790 Dota2DataService [main] INFO  c.k.d.Dota2DataServiceApplication - Starting Dota2DataServiceApplication on luokunduodeMacBook-Pro.local with PID 3798 (/Users/kendall/GitRepo/Dota2DataService/target/classes started by kendall in /Users/kendall/GitRepo/Dota2DataService)
19:12:21.794 Dota2DataService [main] INFO  c.k.d.Dota2DataServiceApplication - The following profiles are active: dev
19:12:21.830 Dota2DataService [main] INFO  o.s.b.w.s.c.AnnotationConfigServletWebServerApplicationContext - Refreshing org.springframework.boot.web.servlet.context.AnnotationConfigServletWebServerApplicationContext@4c2cc639: startup date [Wed Jul 24 19:12:21 CST 2019]; root of context hierarchy
19:12:22.516 Dota2DataService [main] INFO  o.s.d.r.c.RepositoryConfigurationDelegate - Multiple Spring Data modules found, entering strict repository configuration mode!
19:12:22.847 Dota2DataService [main] INFO  c.u.j.c.EnableEncryptablePropertiesBeanFactoryPostProcessor - Post-processing PropertySource instances
19:12:22.910 Dota2DataService [main] INFO  c.u.j.EncryptablePropertySourceConverter - Converting PropertySource configurationProperties [org.springframework.boot.context.properties.source.ConfigurationPropertySourcesPropertySource] to AOP Proxy
19:12:22.912 Dota2DataService [main] INFO  c.u.j.EncryptablePropertySourceConverter - Converting PropertySource servletConfigInitParams [org.springframework.core.env.PropertySource$StubPropertySource] to EncryptablePropertySourceWrapper
19:12:22.912 Dota2DataService [main] INFO  c.u.j.EncryptablePropertySourceConverter - Converting PropertySource servletContextInitParams [org.springframework.core.env.PropertySource$StubPropertySource] to EncryptablePropertySourceWrapper
19:12:22.912 Dota2DataService [main] INFO  c.u.j.EncryptablePropertySourceConverter - Converting PropertySource systemProperties [org.springframework.core.env.MapPropertySource] to EncryptableMapPropertySourceWrapper
19:12:22.912 Dota2DataService [main] INFO  c.u.j.EncryptablePropertySourceConverter - Converting PropertySource systemEnvironment [org.springframework.boot.env.SystemEnvironmentPropertySourceEnvironmentPostProcessor$OriginAwareSystemEnvironmentPropertySource] to EncryptableMapPropertySourceWrapper
19:12:22.913 Dota2DataService [main] INFO  c.u.j.EncryptablePropertySourceConverter - Converting PropertySource random [org.springframework.boot.env.RandomValuePropertySource] to EncryptablePropertySourceWrapper
19:12:22.913 Dota2DataService [main] INFO  c.u.j.EncryptablePropertySourceConverter - Converting PropertySource applicationConfig: [classpath:/application-dev.yml] [org.springframework.boot.env.OriginTrackedMapPropertySource] to EncryptableMapPropertySourceWrapper
19:12:22.913 Dota2DataService [main] INFO  c.u.j.EncryptablePropertySourceConverter - Converting PropertySource applicationConfig: [classpath:/application.yml] [org.springframework.boot.env.OriginTrackedMapPropertySource] to EncryptableMapPropertySourceWrapper
19:12:22.913 Dota2DataService [main] INFO  c.u.j.EncryptablePropertySourceConverter - Converting PropertySource class path resource [application.yml] [org.springframework.core.io.support.ResourcePropertySource] to EncryptableMapPropertySourceWrapper
19:12:22.969 Dota2DataService [main] INFO  c.u.j.f.DefaultLazyPropertyFilter - Property Filter custom Bean not found with name 'encryptablePropertyFilter'. Initializing Default Property Filter
19:12:23.044 Dota2DataService [main] INFO  o.s.c.s.PostProcessorRegistrationDelegate$BeanPostProcessorChecker - Bean 'org.springframework.transaction.annotation.ProxyTransactionManagementConfiguration' of type [org.springframework.transaction.annotation.ProxyTransactionManagementConfiguration$$EnhancerBySpringCGLIB$$5f15fb27] is not eligible for getting processed by all BeanPostProcessors (for example: not eligible for auto-proxying)
19:12:23.207 Dota2DataService [main] INFO  c.u.j.r.DefaultLazyPropertyResolver - Property Resolver custom Bean not found with name 'encryptablePropertyResolver'. Initializing Default Property Resolver
19:12:23.209 Dota2DataService [main] INFO  c.u.j.d.DefaultLazyPropertyDetector - Property Detector custom Bean not found with name 'encryptablePropertyDetector'. Initializing Default Property Detector
19:12:23.592 Dota2DataService [main] INFO  o.s.b.w.e.tomcat.TomcatWebServer - Tomcat initialized with port(s): 8080 (http)
19:12:23.605 Dota2DataService [main] INFO  o.a.coyote.http11.Http11NioProtocol - Initializing ProtocolHandler ["http-nio-8080"]
19:12:23.616 Dota2DataService [main] INFO  o.a.catalina.core.StandardService - Starting service [Tomcat]
19:12:23.616 Dota2DataService [main] INFO  o.a.catalina.core.StandardEngine - Starting Servlet Engine: Apache Tomcat/8.5.32
19:12:23.621 Dota2DataService [localhost-startStop-1] INFO  o.a.c.core.AprLifecycleListener - The APR based Apache Tomcat Native library which allows optimal performance in production environments was not found on the java.library.path: [/Users/kendall/Library/Java/Extensions:/Library/Java/Extensions:/Network/Library/Java/Extensions:/System/Library/Java/Extensions:/usr/lib/java:.]
19:12:23.717 Dota2DataService [localhost-startStop-1] INFO  o.a.c.c.C.[Tomcat].[localhost].[/] - Initializing Spring embedded WebApplicationContext
19:12:23.717 Dota2DataService [localhost-startStop-1] INFO  o.s.web.context.ContextLoader - Root WebApplicationContext: initialization completed in 1887 ms
19:12:23.809 Dota2DataService [localhost-startStop-1] INFO  o.s.b.w.s.ServletRegistrationBean - Servlet dispatcherServlet mapped to [/]
19:12:23.810 Dota2DataService [localhost-startStop-1] INFO  o.s.b.w.s.ServletRegistrationBean - Servlet statViewServlet mapped to [/druid/*]
19:12:23.813 Dota2DataService [localhost-startStop-1] INFO  o.s.b.w.s.FilterRegistrationBean - Mapping filter: 'characterEncodingFilter' to: [/*]
19:12:23.813 Dota2DataService [localhost-startStop-1] INFO  o.s.b.w.s.FilterRegistrationBean - Mapping filter: 'hiddenHttpMethodFilter' to: [/*]
19:12:23.813 Dota2DataService [localhost-startStop-1] INFO  o.s.b.w.s.FilterRegistrationBean - Mapping filter: 'httpPutFormContentFilter' to: [/*]
19:12:23.813 Dota2DataService [localhost-startStop-1] INFO  o.s.b.w.s.FilterRegistrationBean - Mapping filter: 'requestContextFilter' to: [/*]
19:12:23.814 Dota2DataService [localhost-startStop-1] INFO  o.s.b.w.s.FilterRegistrationBean - Mapping filter: 'webStatFilter' to urls: [/*]
19:12:24.053 Dota2DataService [main] INFO  o.s.s.c.ThreadPoolTaskExecutor - Initializing ExecutorService  'taskExecutor'
19:12:24.127 Dota2DataService [main] INFO  o.s.w.s.h.SimpleUrlHandlerMapping - Mapped URL path [/**/favicon.ico] onto handler of type [class org.springframework.web.servlet.resource.ResourceHttpRequestHandler]
19:12:24.419 Dota2DataService [main] INFO  o.s.w.s.m.m.a.RequestMappingHandlerAdapter - Looking for @ControllerAdvice: org.springframework.boot.web.servlet.context.AnnotationConfigServletWebServerApplicationContext@4c2cc639: startup date [Wed Jul 24 19:12:21 CST 2019]; root of context hierarchy
19:12:24.479 Dota2DataService [main] INFO  o.s.w.s.m.m.a.RequestMappingHandlerMapping - Mapped "{[/league/getLeagueList.json]}" onto public com.kendall.dota2dataservice.pojo.ResponseVo com.kendall.dota2dataservice.controller.Dota2LeagueController.getLeagueList(java.lang.Integer,java.lang.Integer)
19:12:24.480 Dota2DataService [main] INFO  o.s.w.s.m.m.a.RequestMappingHandlerMapping - Mapped "{[/league/getLeagueDetail.json]}" onto public com.kendall.dota2dataservice.pojo.ResponseVo com.kendall.dota2dataservice.controller.Dota2LeagueController.getLeagueDetail(java.lang.Integer)
19:12:24.482 Dota2DataService [main] INFO  o.s.w.s.m.m.a.RequestMappingHandlerMapping - Mapped "{[/error]}" onto public org.springframework.http.ResponseEntity<java.util.Map<java.lang.String, java.lang.Object>> org.springframework.boot.autoconfigure.web.servlet.error.BasicErrorController.error(javax.servlet.http.HttpServletRequest)
19:12:24.483 Dota2DataService [main] INFO  o.s.w.s.m.m.a.RequestMappingHandlerMapping - Mapped "{[/error],produces=[text/html]}" onto public org.springframework.web.servlet.ModelAndView org.springframework.boot.autoconfigure.web.servlet.error.BasicErrorController.errorHtml(javax.servlet.http.HttpServletRequest,javax.servlet.http.HttpServletResponse)
19:12:24.513 Dota2DataService [main] INFO  o.s.w.s.h.SimpleUrlHandlerMapping - Mapped URL path [/webjars/**] onto handler of type [class org.springframework.web.servlet.resource.ResourceHttpRequestHandler]
19:12:24.513 Dota2DataService [main] INFO  o.s.w.s.h.SimpleUrlHandlerMapping - Mapped URL path [/**] onto handler of type [class org.springframework.web.servlet.resource.ResourceHttpRequestHandler]
19:12:24.531 Dota2DataService [main] INFO  o.s.w.s.m.m.a.ExceptionHandlerExceptionResolver - Detected @ExceptionHandler methods in exceptionController
19:12:24.718 Dota2DataService [main] INFO  c.a.d.s.b.a.DruidDataSourceAutoConfigure - Init DruidDataSource
19:12:25.104 Dota2DataService [main] INFO  c.alibaba.druid.pool.DruidDataSource - {dataSource-1} inited
19:12:25.872 Dota2DataService [main] INFO  org.quartz.impl.StdSchedulerFactory - Using default implementation for ThreadExecutor
19:12:25.885 Dota2DataService [main] INFO  o.quartz.core.SchedulerSignalerImpl - Initialized Scheduler Signaller of type: class org.quartz.core.SchedulerSignalerImpl
19:12:25.885 Dota2DataService [main] INFO  org.quartz.core.QuartzScheduler - Quartz Scheduler v.2.3.0 created.
19:12:25.885 Dota2DataService [main] INFO  org.quartz.simpl.RAMJobStore - RAMJobStore initialized.
19:12:25.886 Dota2DataService [main] INFO  org.quartz.core.QuartzScheduler - Scheduler meta-data: Quartz Scheduler (v2.3.0) 'quartzScheduler' with instanceId 'NON_CLUSTERED'
  Scheduler class: 'org.quartz.core.QuartzScheduler' - running locally.
  NOT STARTED.
  Currently in standby mode.
  Number of jobs executed: 0
  Using thread pool 'org.quartz.simpl.SimpleThreadPool' - with 10 threads.
  Using job-store 'org.quartz.simpl.RAMJobStore' - which does not support persistence. and is not clustered.

19:12:25.886 Dota2DataService [main] INFO  org.quartz.impl.StdSchedulerFactory - Quartz scheduler 'quartzScheduler' initialized from an externally provided properties instance.
19:12:25.886 Dota2DataService [main] INFO  org.quartz.impl.StdSchedulerFactory - Quartz scheduler version: 2.3.0
19:12:25.886 Dota2DataService [main] INFO  org.quartz.core.QuartzScheduler - JobFactory set to: org.springframework.boot.autoconfigure.quartz.AutowireCapableBeanJobFactory@58e02359
19:12:26.026 Dota2DataService [main] INFO  o.s.j.e.a.AnnotationMBeanExporter - Registering beans for JMX exposure on startup
19:12:26.028 Dota2DataService [main] INFO  o.s.j.e.a.AnnotationMBeanExporter - Bean with name 'statFilter' has been autodetected for JMX exposure
19:12:26.028 Dota2DataService [main] INFO  o.s.j.e.a.AnnotationMBeanExporter - Bean with name 'dataSource' has been autodetected for JMX exposure
19:12:26.035 Dota2DataService [main] INFO  o.s.j.e.a.AnnotationMBeanExporter - Located MBean 'dataSource': registering with JMX server as MBean [com.alibaba.druid.spring.boot.autoconfigure:name=dataSource,type=DruidDataSourceWrapper]
19:12:26.036 Dota2DataService [main] INFO  o.s.j.e.a.AnnotationMBeanExporter - Located MBean 'statFilter': registering with JMX server as MBean [com.alibaba.druid.filter.stat:name=statFilter,type=StatFilter]
19:12:26.041 Dota2DataService [main] INFO  o.s.c.s.DefaultLifecycleProcessor - Starting beans in phase 2147483647
19:12:26.041 Dota2DataService [main] INFO  o.s.s.quartz.SchedulerFactoryBean - Starting Quartz Scheduler now
19:12:26.041 Dota2DataService [main] INFO  org.quartz.core.QuartzScheduler - Scheduler quartzScheduler_$_NON_CLUSTERED started.
19:12:26.050 Dota2DataService [main] INFO  o.a.coyote.http11.Http11NioProtocol - Starting ProtocolHandler ["http-nio-8080"]
19:12:26.073 Dota2DataService [main] INFO  o.a.tomcat.util.net.NioSelectorPool - Using a shared selector for servlet write/read
19:12:26.092 Dota2DataService [main] INFO  o.s.b.w.e.tomcat.TomcatWebServer - Tomcat started on port(s): 8080 (http) with context path ''
19:12:26.097 Dota2DataService [main] INFO  c.k.d.Dota2DataServiceApplication - Started Dota2DataServiceApplication in 24.705 seconds (JVM running for 30.963)
19:15:42.243 Dota2DataService [http-nio-8080-exec-1] INFO  o.a.c.c.C.[Tomcat].[localhost].[/] - Initializing Spring FrameworkServlet 'dispatcherServlet'
19:15:42.243 Dota2DataService [http-nio-8080-exec-1] INFO  o.s.web.servlet.DispatcherServlet - FrameworkServlet 'dispatcherServlet': initialization started
19:15:42.267 Dota2DataService [http-nio-8080-exec-1] INFO  o.s.web.servlet.DispatcherServlet - FrameworkServlet 'dispatcherServlet': initialization completed in 24 ms
19:38:00.329 Dota2DataService [Thread-52] INFO  o.s.b.w.s.c.AnnotationConfigServletWebServerApplicationContext - Closing org.springframework.boot.web.servlet.context.AnnotationConfigServletWebServerApplicationContext@4c2cc639: startup date [Wed Jul 24 19:12:21 CST 2019]; root of context hierarchy
19:38:00.331 Dota2DataService [Thread-52] INFO  o.s.c.s.DefaultLifecycleProcessor - Stopping beans in phase 2147483647
19:38:00.332 Dota2DataService [Thread-52] INFO  org.quartz.core.QuartzScheduler - Scheduler quartzScheduler_$_NON_CLUSTERED paused.
19:38:00.332 Dota2DataService [Thread-52] INFO  o.s.s.quartz.SchedulerFactoryBean - Shutting down Quartz Scheduler
19:38:00.333 Dota2DataService [Thread-52] INFO  org.quartz.core.QuartzScheduler - Scheduler quartzScheduler_$_NON_CLUSTERED shutting down.
19:38:00.333 Dota2DataService [Thread-52] INFO  org.quartz.core.QuartzScheduler - Scheduler quartzScheduler_$_NON_CLUSTERED paused.
19:38:00.336 Dota2DataService [Thread-52] INFO  org.quartz.core.QuartzScheduler - Scheduler quartzScheduler_$_NON_CLUSTERED shutdown complete.
19:38:00.362 Dota2DataService [Thread-52] INFO  o.s.j.e.a.AnnotationMBeanExporter - Unregistering JMX-exposed beans on shutdown
19:38:00.363 Dota2DataService [Thread-52] INFO  o.s.j.e.a.AnnotationMBeanExporter - Unregistering JMX-exposed beans
19:38:00.370 Dota2DataService [Thread-52] INFO  c.alibaba.druid.pool.DruidDataSource - {dataSource-1} closed
19:38:00.371 Dota2DataService [Thread-52] INFO  o.s.s.c.ThreadPoolTaskExecutor - Shutting down ExecutorService 'taskExecutor'
19:38:38.954 Dota2DataService [main] INFO  c.k.d.Dota2DataServiceApplication - Starting Dota2DataServiceApplication on luokunduodeMacBook-Pro.local with PID 3888 (/Users/kendall/GitRepo/Dota2DataService/target/classes started by kendall in /Users/kendall/GitRepo/Dota2DataService)
19:38:38.958 Dota2DataService [main] INFO  c.k.d.Dota2DataServiceApplication - The following profiles are active: dev
19:38:38.991 Dota2DataService [main] INFO  o.s.b.w.s.c.AnnotationConfigServletWebServerApplicationContext - Refreshing org.springframework.boot.web.servlet.context.AnnotationConfigServletWebServerApplicationContext@7f6f61c8: startup date [Wed Jul 24 19:38:38 CST 2019]; root of context hierarchy
19:38:39.526 Dota2DataService [main] INFO  o.s.d.r.c.RepositoryConfigurationDelegate - Multiple Spring Data modules found, entering strict repository configuration mode!
19:38:39.781 Dota2DataService [main] INFO  c.u.j.c.EnableEncryptablePropertiesBeanFactoryPostProcessor - Post-processing PropertySource instances
19:38:39.837 Dota2DataService [main] INFO  c.u.j.EncryptablePropertySourceConverter - Converting PropertySource configurationProperties [org.springframework.boot.context.properties.source.ConfigurationPropertySourcesPropertySource] to AOP Proxy
19:38:39.838 Dota2DataService [main] INFO  c.u.j.EncryptablePropertySourceConverter - Converting PropertySource servletConfigInitParams [org.springframework.core.env.PropertySource$StubPropertySource] to EncryptablePropertySourceWrapper
19:38:39.838 Dota2DataService [main] INFO  c.u.j.EncryptablePropertySourceConverter - Converting PropertySource servletContextInitParams [org.springframework.core.env.PropertySource$StubPropertySource] to EncryptablePropertySourceWrapper
19:38:39.838 Dota2DataService [main] INFO  c.u.j.EncryptablePropertySourceConverter - Converting PropertySource systemProperties [org.springframework.core.env.MapPropertySource] to EncryptableMapPropertySourceWrapper
19:38:39.839 Dota2DataService [main] INFO  c.u.j.EncryptablePropertySourceConverter - Converting PropertySource systemEnvironment [org.springframework.boot.env.SystemEnvironmentPropertySourceEnvironmentPostProcessor$OriginAwareSystemEnvironmentPropertySource] to EncryptableMapPropertySourceWrapper
19:38:39.839 Dota2DataService [main] INFO  c.u.j.EncryptablePropertySourceConverter - Converting PropertySource random [org.springframework.boot.env.RandomValuePropertySource] to EncryptablePropertySourceWrapper
19:38:39.839 Dota2DataService [main] INFO  c.u.j.EncryptablePropertySourceConverter - Converting PropertySource applicationConfig: [classpath:/application-dev.yml] [org.springframework.boot.env.OriginTrackedMapPropertySource] to EncryptableMapPropertySourceWrapper
19:38:39.839 Dota2DataService [main] INFO  c.u.j.EncryptablePropertySourceConverter - Converting PropertySource applicationConfig: [classpath:/application.yml] [org.springframework.boot.env.OriginTrackedMapPropertySource] to EncryptableMapPropertySourceWrapper
19:38:39.839 Dota2DataService [main] INFO  c.u.j.EncryptablePropertySourceConverter - Converting PropertySource class path resource [application.yml] [org.springframework.core.io.support.ResourcePropertySource] to EncryptableMapPropertySourceWrapper
19:38:39.882 Dota2DataService [main] INFO  c.u.j.f.DefaultLazyPropertyFilter - Property Filter custom Bean not found with name 'encryptablePropertyFilter'. Initializing Default Property Filter
19:38:39.942 Dota2DataService [main] INFO  o.s.c.s.PostProcessorRegistrationDelegate$BeanPostProcessorChecker - Bean 'org.springframework.transaction.annotation.ProxyTransactionManagementConfiguration' of type [org.springframework.transaction.annotation.ProxyTransactionManagementConfiguration$$EnhancerBySpringCGLIB$$7228e280] is not eligible for getting processed by all BeanPostProcessors (for example: not eligible for auto-proxying)
19:38:40.075 Dota2DataService [main] INFO  c.u.j.r.DefaultLazyPropertyResolver - Property Resolver custom Bean not found with name 'encryptablePropertyResolver'. Initializing Default Property Resolver
19:38:40.077 Dota2DataService [main] INFO  c.u.j.d.DefaultLazyPropertyDetector - Property Detector custom Bean not found with name 'encryptablePropertyDetector'. Initializing Default Property Detector
19:38:40.389 Dota2DataService [main] INFO  o.s.b.w.e.tomcat.TomcatWebServer - Tomcat initialized with port(s): 8080 (http)
19:38:40.399 Dota2DataService [main] INFO  o.a.coyote.http11.Http11NioProtocol - Initializing ProtocolHandler ["http-nio-8080"]
19:38:40.407 Dota2DataService [main] INFO  o.a.catalina.core.StandardService - Starting service [Tomcat]
19:38:40.408 Dota2DataService [main] INFO  o.a.catalina.core.StandardEngine - Starting Servlet Engine: Apache Tomcat/8.5.32
19:38:40.411 Dota2DataService [localhost-startStop-1] INFO  o.a.c.core.AprLifecycleListener - The APR based Apache Tomcat Native library which allows optimal performance in production environments was not found on the java.library.path: [/Users/kendall/Library/Java/Extensions:/Library/Java/Extensions:/Network/Library/Java/Extensions:/System/Library/Java/Extensions:/usr/lib/java:.]
19:38:40.482 Dota2DataService [localhost-startStop-1] INFO  o.a.c.c.C.[Tomcat].[localhost].[/] - Initializing Spring embedded WebApplicationContext
19:38:40.483 Dota2DataService [localhost-startStop-1] INFO  o.s.web.context.ContextLoader - Root WebApplicationContext: initialization completed in 1492 ms
19:38:40.560 Dota2DataService [localhost-startStop-1] INFO  o.s.b.w.s.ServletRegistrationBean - Servlet dispatcherServlet mapped to [/]
19:38:40.561 Dota2DataService [localhost-startStop-1] INFO  o.s.b.w.s.ServletRegistrationBean - Servlet statViewServlet mapped to [/druid/*]
19:38:40.564 Dota2DataService [localhost-startStop-1] INFO  o.s.b.w.s.FilterRegistrationBean - Mapping filter: 'characterEncodingFilter' to: [/*]
19:38:40.564 Dota2DataService [localhost-startStop-1] INFO  o.s.b.w.s.FilterRegistrationBean - Mapping filter: 'hiddenHttpMethodFilter' to: [/*]
19:38:40.564 Dota2DataService [localhost-startStop-1] INFO  o.s.b.w.s.FilterRegistrationBean - Mapping filter: 'httpPutFormContentFilter' to: [/*]
19:38:40.564 Dota2DataService [localhost-startStop-1] INFO  o.s.b.w.s.FilterRegistrationBean - Mapping filter: 'requestContextFilter' to: [/*]
19:38:40.564 Dota2DataService [localhost-startStop-1] INFO  o.s.b.w.s.FilterRegistrationBean - Mapping filter: 'webStatFilter' to urls: [/*]
19:38:40.770 Dota2DataService [main] INFO  o.s.s.c.ThreadPoolTaskExecutor - Initializing ExecutorService  'taskExecutor'
19:38:40.836 Dota2DataService [main] INFO  o.s.w.s.h.SimpleUrlHandlerMapping - Mapped URL path [/**/favicon.ico] onto handler of type [class org.springframework.web.servlet.resource.ResourceHttpRequestHandler]
19:38:41.086 Dota2DataService [main] INFO  o.s.w.s.m.m.a.RequestMappingHandlerAdapter - Looking for @ControllerAdvice: org.springframework.boot.web.servlet.context.AnnotationConfigServletWebServerApplicationContext@7f6f61c8: startup date [Wed Jul 24 19:38:38 CST 2019]; root of context hierarchy
19:38:41.142 Dota2DataService [main] INFO  o.s.w.s.m.m.a.RequestMappingHandlerMapping - Mapped "{[/league/getLeagueList.json]}" onto public com.kendall.dota2dataservice.pojo.ResponseVo com.kendall.dota2dataservice.controller.Dota2LeagueController.getLeagueList(java.lang.Integer,java.lang.Integer)
19:38:41.143 Dota2DataService [main] INFO  o.s.w.s.m.m.a.RequestMappingHandlerMapping - Mapped "{[/league/getLeagueDetail.json]}" onto public com.kendall.dota2dataservice.pojo.ResponseVo com.kendall.dota2dataservice.controller.Dota2LeagueController.getLeagueDetail(java.lang.Integer)
19:38:41.145 Dota2DataService [main] INFO  o.s.w.s.m.m.a.RequestMappingHandlerMapping - Mapped "{[/error]}" onto public org.springframework.http.ResponseEntity<java.util.Map<java.lang.String, java.lang.Object>> org.springframework.boot.autoconfigure.web.servlet.error.BasicErrorController.error(javax.servlet.http.HttpServletRequest)
19:38:41.146 Dota2DataService [main] INFO  o.s.w.s.m.m.a.RequestMappingHandlerMapping - Mapped "{[/error],produces=[text/html]}" onto public org.springframework.web.servlet.ModelAndView org.springframework.boot.autoconfigure.web.servlet.error.BasicErrorController.errorHtml(javax.servlet.http.HttpServletRequest,javax.servlet.http.HttpServletResponse)
19:38:41.176 Dota2DataService [main] INFO  o.s.w.s.h.SimpleUrlHandlerMapping - Mapped URL path [/webjars/**] onto handler of type [class org.springframework.web.servlet.resource.ResourceHttpRequestHandler]
19:38:41.176 Dota2DataService [main] INFO  o.s.w.s.h.SimpleUrlHandlerMapping - Mapped URL path [/**] onto handler of type [class org.springframework.web.servlet.resource.ResourceHttpRequestHandler]
19:38:41.192 Dota2DataService [main] INFO  o.s.w.s.m.m.a.ExceptionHandlerExceptionResolver - Detected @ExceptionHandler methods in exceptionController
19:38:41.359 Dota2DataService [main] INFO  c.a.d.s.b.a.DruidDataSourceAutoConfigure - Init DruidDataSource
19:38:41.696 Dota2DataService [main] INFO  c.alibaba.druid.pool.DruidDataSource - {dataSource-1} inited
19:38:42.278 Dota2DataService [main] INFO  org.quartz.impl.StdSchedulerFactory - Using default implementation for ThreadExecutor
19:38:42.288 Dota2DataService [main] INFO  o.quartz.core.SchedulerSignalerImpl - Initialized Scheduler Signaller of type: class org.quartz.core.SchedulerSignalerImpl
19:38:42.288 Dota2DataService [main] INFO  org.quartz.core.QuartzScheduler - Quartz Scheduler v.2.3.0 created.
19:38:42.289 Dota2DataService [main] INFO  org.quartz.simpl.RAMJobStore - RAMJobStore initialized.
19:38:42.290 Dota2DataService [main] INFO  org.quartz.core.QuartzScheduler - Scheduler meta-data: Quartz Scheduler (v2.3.0) 'quartzScheduler' with instanceId 'NON_CLUSTERED'
  Scheduler class: 'org.quartz.core.QuartzScheduler' - running locally.
  NOT STARTED.
  Currently in standby mode.
  Number of jobs executed: 0
  Using thread pool 'org.quartz.simpl.SimpleThreadPool' - with 10 threads.
  Using job-store 'org.quartz.simpl.RAMJobStore' - which does not support persistence. and is not clustered.

19:38:42.290 Dota2DataService [main] INFO  org.quartz.impl.StdSchedulerFactory - Quartz scheduler 'quartzScheduler' initialized from an externally provided properties instance.
19:38:42.290 Dota2DataService [main] INFO  org.quartz.impl.StdSchedulerFactory - Quartz scheduler version: 2.3.0
19:38:42.290 Dota2DataService [main] INFO  org.quartz.core.QuartzScheduler - JobFactory set to: org.springframework.boot.autoconfigure.quartz.AutowireCapableBeanJobFactory@3e2d8623
19:38:42.423 Dota2DataService [main] INFO  o.s.j.e.a.AnnotationMBeanExporter - Registering beans for JMX exposure on startup
19:38:42.425 Dota2DataService [main] INFO  o.s.j.e.a.AnnotationMBeanExporter - Bean with name 'statFilter' has been autodetected for JMX exposure
19:38:42.425 Dota2DataService [main] INFO  o.s.j.e.a.AnnotationMBeanExporter - Bean with name 'dataSource' has been autodetected for JMX exposure
19:38:42.432 Dota2DataService [main] INFO  o.s.j.e.a.AnnotationMBeanExporter - Located MBean 'dataSource': registering with JMX server as MBean [com.alibaba.druid.spring.boot.autoconfigure:name=dataSource,type=DruidDataSourceWrapper]
19:38:42.433 Dota2DataService [main] INFO  o.s.j.e.a.AnnotationMBeanExporter - Located MBean 'statFilter': registering with JMX server as MBean [com.alibaba.druid.filter.stat:name=statFilter,type=StatFilter]
19:38:42.437 Dota2DataService [main] INFO  o.s.c.s.DefaultLifecycleProcessor - Starting beans in phase 2147483647
19:38:42.437 Dota2DataService [main] INFO  o.s.s.quartz.SchedulerFactoryBean - Starting Quartz Scheduler now
19:38:42.437 Dota2DataService [main] INFO  org.quartz.core.QuartzScheduler - Scheduler quartzScheduler_$_NON_CLUSTERED started.
19:38:42.444 Dota2DataService [main] INFO  o.a.coyote.http11.Http11NioProtocol - Starting ProtocolHandler ["http-nio-8080"]
19:38:42.465 Dota2DataService [main] INFO  o.a.tomcat.util.net.NioSelectorPool - Using a shared selector for servlet write/read
19:38:42.479 Dota2DataService [main] INFO  o.s.b.w.e.tomcat.TomcatWebServer - Tomcat started on port(s): 8080 (http) with context path ''
19:38:42.483 Dota2DataService [main] INFO  c.k.d.Dota2DataServiceApplication - Started Dota2DataServiceApplication in 23.903 seconds (JVM running for 29.622)
19:39:37.891 Dota2DataService [http-nio-8080-exec-1] INFO  o.a.c.c.C.[Tomcat].[localhost].[/] - Initializing Spring FrameworkServlet 'dispatcherServlet'
19:39:37.891 Dota2DataService [http-nio-8080-exec-1] INFO  o.s.web.servlet.DispatcherServlet - FrameworkServlet 'dispatcherServlet': initialization started
19:39:37.909 Dota2DataService [http-nio-8080-exec-1] INFO  o.s.web.servlet.DispatcherServlet - FrameworkServlet 'dispatcherServlet': initialization completed in 18 ms
19:40:21.146 Dota2DataService [Thread-51] INFO  o.s.b.w.s.c.AnnotationConfigServletWebServerApplicationContext - Closing org.springframework.boot.web.servlet.context.AnnotationConfigServletWebServerApplicationContext@7f6f61c8: startup date [Wed Jul 24 19:38:38 CST 2019]; root of context hierarchy
19:40:21.151 Dota2DataService [Thread-51] INFO  o.s.c.s.DefaultLifecycleProcessor - Stopping beans in phase 2147483647
19:40:21.152 Dota2DataService [Thread-51] INFO  org.quartz.core.QuartzScheduler - Scheduler quartzScheduler_$_NON_CLUSTERED paused.
19:40:21.154 Dota2DataService [Thread-51] INFO  o.s.s.quartz.SchedulerFactoryBean - Shutting down Quartz Scheduler
19:40:21.155 Dota2DataService [Thread-51] INFO  org.quartz.core.QuartzScheduler - Scheduler quartzScheduler_$_NON_CLUSTERED shutting down.
19:40:21.155 Dota2DataService [Thread-51] INFO  org.quartz.core.QuartzScheduler - Scheduler quartzScheduler_$_NON_CLUSTERED paused.
19:40:21.155 Dota2DataService [Thread-51] INFO  org.quartz.core.QuartzScheduler - Scheduler quartzScheduler_$_NON_CLUSTERED shutdown complete.
19:40:21.198 Dota2DataService [Thread-51] INFO  o.s.j.e.a.AnnotationMBeanExporter - Unregistering JMX-exposed beans on shutdown
19:40:21.198 Dota2DataService [Thread-51] INFO  o.s.j.e.a.AnnotationMBeanExporter - Unregistering JMX-exposed beans
19:40:21.207 Dota2DataService [Thread-51] INFO  c.alibaba.druid.pool.DruidDataSource - {dataSource-1} closed
19:40:21.207 Dota2DataService [Thread-51] INFO  o.s.s.c.ThreadPoolTaskExecutor - Shutting down ExecutorService 'taskExecutor'
